Porshi App/app/build/outputs/logs/manifest-merger-release-report.txt
-- Merging decision tree log ---
manifest
ADDED from AndroidManifest.xml:2:1
	package
		ADDED from AndroidManifest.xml:3:5
		INJECTED from AndroidManifest.xml:0:0
		INJECTED from AndroidManifest.xml:0:0
	android:versionName
		ADDED from AndroidManifest.xml:5:5
	android:versionCode
		ADDED from AndroidManifest.xml:4:5
		INJECTED from AndroidManifest.xml:0:0
		INJECTED from AndroidManifest.xml:0:0
	xmlns:android
		ADDED from AndroidManifest.xml:2:11
uses-sdk
ADDED from AndroidManifest.xml:7:5
	android:targetSdkVersion
		ADDED from AndroidManifest.xml:7:41
		INJECTED from AndroidManifest.xml:0:0
		INJECTED from AndroidManifest.xml:0:0
	android:minSdkVersion
		ADDED from AndroidManifest.xml:7:15
		INJECTED from AndroidManifest.xml:0:0
		INJECTED from AndroidManifest.xml:0:0
uses-permission#android.permission.WRITE_EXTERNAL_STORAGE
ADDED from AndroidManifest.xml:8:2
	android:name
		ADDED from AndroidManifest.xml:8:19
uses-permission#android.permission.WRITE_SETTINGS
ADDED from AndroidManifest.xml:9:5
	android:name
		ADDED from AndroidManifest.xml:9:22
uses-permission#android.permission.READ_CONTACTS
ADDED from AndroidManifest.xml:10:5
	android:name
		ADDED from AndroidManifest.xml:10:22
uses-permission#android.permission.WRITE_CONTACTS
ADDED from AndroidManifest.xml:11:5
	android:name
		ADDED from AndroidManifest.xml:11:22
uses-permission#android.permission.INTERNET
ADDED from AndroidManifest.xml:12:5
	android:name
		ADDED from AndroidManifest.xml:12:22
uses-permission#android.permission.ACCESS_NETWORK_STATE
ADDED from AndroidManifest.xml:13:5
	android:name
		ADDED from AndroidManifest.xml:13:22
uses-permission#android.permission.GET_ACCOUNTS
ADDED from AndroidManifest.xml:14:5
	android:name
		ADDED from AndroidManifest.xml:14:22
uses-permission#android.permission.READ_PHONE_STATE
ADDED from AndroidManifest.xml:15:5
	android:name
		ADDED from AndroidManifest.xml:15:22
application
ADDED from AndroidManifest.xml:17:1
	android:label
		ADDED from AndroidManifest.xml:19:9
	android:icon
		ADDED from AndroidManifest.xml:18:3
activity#ringtones.xploreictporshi.SplashActivity
ADDED from AndroidManifest.xml:20:9
	android:screenOrientation
		ADDED from AndroidManifest.xml:22:13
	android:label
		ADDED from AndroidManifest.xml:23:13
	android:theme
		ADDED from AndroidManifest.xml:24:13
	android:name
		ADDED from AndroidManifest.xml:21:13
intent-filter#android.intent.action.MAIN+android.intent.category.LAUNCHER
ADDED from AndroidManifest.xml:25:13
action#android.intent.action.MAIN
ADDED from AndroidManifest.xml:26:17
	android:name
		ADDED from AndroidManifest.xml:26:25
category#android.intent.category.LAUNCHER
ADDED from AndroidManifest.xml:28:17
	android:name
		ADDED from AndroidManifest.xml:28:27
activity#ringtones.xploreictporshi.Home
ADDED from AndroidManifest.xml:31:5
	android:screenOrientation
		ADDED from AndroidManifest.xml:32:9
	android:theme
		ADDED from AndroidManifest.xml:33:9
	android:name
		ADDED from AndroidManifest.xml:31:15
activity#ringtones.xploreictporshi.RingtonesActivity
ADDED from AndroidManifest.xml:34:5
	android:screenOrientation
		ADDED from AndroidManifest.xml:35:13
	android:theme
		ADDED from AndroidManifest.xml:36:13
	android:name
		ADDED from AndroidManifest.xml:34:15
activity#ringtones.xploreictporshi.FavoritesActivity
ADDED from AndroidManifest.xml:37:9
	android:screenOrientation
		ADDED from AndroidManifest.xml:38:13
	android:theme
		ADDED from AndroidManifest.xml:39:13
	android:name
		ADDED from AndroidManifest.xml:37:19
activity#ringtones.xploreictporshi.Main
ADDED from AndroidManifest.xml:40:9
	android:screenOrientation
		ADDED from AndroidManifest.xml:41:13
	android:windowSoftInputMode
		ADDED from AndroidManifest.xml:42:72
	android:theme
		ADDED from AndroidManifest.xml:42:13
	android:name
		ADDED from AndroidManifest.xml:40:19
activity#ringtones.xploreictporshi.SelectContactActivity
ADDED from AndroidManifest.xml:43:10
	android:screenOrientation
		ADDED from AndroidManifest.xml:44:14
	android:theme
		ADDED from AndroidManifest.xml:45:13
	android:name
		ADDED from AndroidManifest.xml:43:20
activity#ringtones.xploreictporshi.Photo
ADDED from AndroidManifest.xml:46:9
	android:screenOrientation
		ADDED from AndroidManifest.xml:46:66
	android:name
		ADDED from AndroidManifest.xml:46:19
activity#ringtones.xploreictporshi.Web
ADDED from AndroidManifest.xml:47:5
	android:screenOrientation
		ADDED from AndroidManifest.xml:47:60
	android:label
		ADDED from AndroidManifest.xml:47:97
	android:name
		ADDED from AndroidManifest.xml:47:15
activity#ringtones.xploreictporshi.Facebook
ADDED from AndroidManifest.xml:48:5
	android:screenOrientation
		ADDED from AndroidManifest.xml:48:65
	android:theme
		ADDED from AndroidManifest.xml:48:102
	android:name
		ADDED from AndroidManifest.xml:48:15
activity#ringtones.xploreictporshi.Twiter
ADDED from AndroidManifest.xml:49:5
	android:screenOrientation
		ADDED from AndroidManifest.xml:49:63
	android:theme
		ADDED from AndroidManifest.xml:49:100
	android:name
		ADDED from AndroidManifest.xml:49:15
activity#ringtones.xploreictporshi.Site
ADDED from AndroidManifest.xml:50:5
	android:screenOrientation
		ADDED from AndroidManifest.xml:50:61
	android:theme
		ADDED from AndroidManifest.xml:50:98
	android:name
		ADDED from AndroidManifest.xml:50:15
activity#ringtones.xploreictporshi.DetailsPorshi
ADDED from AndroidManifest.xml:52:5
	android:screenOrientation
		ADDED from AndroidManifest.xml:52:115
	android:label
		ADDED from AndroidManifest.xml:52:152
	android:uiOptions
		ADDED from AndroidManifest.xml:52:70
	android:name
		ADDED from AndroidManifest.xml:52:15
activity#com.google.ads.AdActivity
ADDED from AndroidManifest.xml:54:5
	android:configChanges
		ADDED from AndroidManifest.xml:55:15
	android:name
		ADDED from AndroidManifest.xml:54:15